[RUN #0 3 100]
33 932 920
318 -290 842
-83 621 366
-887 -678 -664
-347 -643 -522
774 396 -480
-902 -596 717
706 -224 -795
713 228 -873
-882 150 -854
207 -163 434
224 -283 -820
-747 579 -81
807 -574 985
-885 831 794
-105 604 -374
-369 676 765
563 579 -192
489 -29 -585
257 -216 290
-996 514 -295
98 812 29
-146 426 -231
840 -501 -109
-185 581 351
737 873 802
-235 -614 29
-670 282 -153
-610 -164 265
-259 -73 -430
28 206 285
-249 205 -135
424 361 -515
853 226 -889
379 789 -402
474 968 0
491 511 126
-238 -517 -52
-295 -713 317
-325 715 60
-460 323 823
54 -310 -571
-678 -942 -208
128 -995 924
-332 -197 -203
-484 -967 -878
-277 -909 -937
271 -764 393
328 -297 59
354 -831 -492
944 80 697
-232 -592 740
208 -152 -737
-614 444 -280
648 -875 7
-415 542 -396
209 -610 -784
211 15 576
-881 -271 -490
-649 634 305
-916 271 -644
-266 620 206
995 487 344
[RUN #1 4 100]
34 924 -125 3
-898 -346 891 133
946 -145 434 147
528 601 -906 237
698 -657 536 169
-514 -929 -473 271
-739 -66 858 481
243 -584 -218 895
-117 -527 -802 81
-325 495 -109 594
259 7 -224 -408
79 -707 215 718
239 -839 497 -209
313 -314 -129 -940
287 146 97 -731
-807 820 66 -598
724 -489 248 -777
173 408 -242 -205
-980 575 -455 913
782 -328 683 -813
990 -503 -600 -183
-224 104 -685 -614
-115 -78 271 -312
-944 -613 -332 -586
265 746 -102 778
563 -860 -372 719
-13 907 135 404
-778 176 838 -123
-778 -266 731 -73
754 -34 -584 -540
-168 474 -53 -451
-514 480 399 355
548 -135 119 771
-730 178 436 165
-701 -294 984 396
404 14 -553 -425
249 949 7 -25
351 -46 977 -720
-357 -676 182 -954
936 972 -694 -569
-730 -856 587 -44
-863 70 243 653
377 -45 -278 -357
-306 990 393 9
509 61 704 -815
-758 -600 -689 -840
-759 141 805 939
194 594 -961 -250
-603 557 135 256
-946 -109 371 130
-388 869 200 328
480 132 -955 -145
418 334 666 89
423 -690 695 -657
50 547 223 -783
896 -951 -974 -120
-290 -986 647 -560
-323 326 471 249
843 -852 476 751
722 -325 -254 65
388 -388 630 -590
[RUN #2 5 100]
-274 -923 -786 -792 -865
-203 802 -393 -463 674
460 -630 -26 454 -475
-341 -336 964 208 328
24 -494 -52 -573 -641
-442 -614 844 352 413
-144 -485 917 -950 936
919 -964 -302 755 609
606 -719 537 316 -279
482 -599 665 337 -825
888 -945 209 -864 810
883 -479 -134 116 303
-834 428 -375 -2 -260
820 12 -445 66 536
-962 867 368 -395 733
720 -401 -38 -8 472
386 142 -505 978 365
-886 412 -525 -930 -640
648 469 1 -310 428
727 479 574 -741 552
-119 153 444 901 105
854 527 872 -436 34
-185 398 245 -367 974
-762 -771 250 976 -798
126 -297 -735 -887 187
-449 -717 -785 -301 -507
227 -795 261 -62 -736
-823 -503 -270 -152 541
509 608 407 23 -403
-999 -280 973 323 297
-990 531 -699 689 877
-983 -810 -441 68 772
2 887 989 -248 -732
-431 316 232 -23 395
827 -880 -88 -381 627
359 444 -466 927 490
526 -421 -205 411 705
344 342 -144 -803 173
-810 -696 -373 888 -576
-771 20 328 954 715
-379 657 161 -506 -997
457 -528 790 666 -630
-735 -120 354 -991 502
825 368 -174 142 -893
810 -702 890 598 -235
-255 974 605 509 -207
-731 -725 -451 -622 -126
-302 -378 16 -527 628
-42 -543 -496 -572 918
410 549 -774 502 184
843 -192 470 -170 -830
-908 -233 419 -203 -166
604 -659 -70 967 349
-716 -140 566 -955 151
281 -942 -619 518 -509
-847 -150 -501 -674 863
333 -51 983 -166 -695
-566 -179 982 34 748
-641 -655 -503 -789 617
-871 386 -298 816 884
39 -382 470 648 -224
-75 -80 720 287 536
-744 34 613 53 531
491 -247 400 490 -976
-934 -511 691 754 230
460 301 271 -236 433
984 -905 108 926 -936
-549 747 556 618 -11
-190 415 -49 -575 -497
-213 -137 -937 776 978
-536 997 430 940 135
977 114 -286 376 993
-485 770 529 -900 106
69 592 -594 -658 -71
-950 893 290 972 -754
986 -836 178 -713 -720
463 182 987 139 44
683 -409 -884 -352 36
697 -996 -709 -823 -861
990 952 520 460 13
786 139 -11 98 -878
-495 -859 148 -938 -636
560 389 215 221 539
-357 -817 -646 -932 983
-222 661 917 163 -340
248 -953 558 -692 -352
[RUN #3 500 1]
264 100 -350 287 -223 433 -251 -870 602 -770 365 733 -226 -147 -290 -253 204 -879 -172 -203 575 -171 -613 -160 -392 275 -372 -852 -895 -994 -470 -398 -963 -887 456 535 940 792 -491 106 -812 443 960 -97 -580 -832 18 29 -750 -192 -549 89 -180 -957 -241 -591 -696 -155 -647 -532 317 558 -425 -954 215 -737 671 -228 -794 20 -237 592 -173 9 -440 143 17 697 -23 453 -652 386 428 -283 512 110 -374 -270 -550 649 50 -507 -892 -388 519 364 541 -810 326 -762 548 -756 -515 -19 -354 865 -271 337 -838 -107 -671 -609 120 342 86 248 278 378 127 -616 -725 -799 -545 454 -46 7 -588 -240 207 401 742 206 -990 118 551 804 -447 876 -605 128 43 -724 66 881 505 992 975 -335 -544 -267 -534 -519 750 846 352 -703 104 -752 14 399 -676 328 -346 -552 701 265 417 787 -686 -111 420 -955 -72 192 80 -763 807 698 533 157 -99 -845 -375 388 124 860 484 295 906 -498 -37 74 -229 272 779 -601 263 -835 117 -405 545 933 863 -420 -860 461 171 -538 694 771 -909 -627 -636 158 255 -190 -562 -252 848 719 893 136 518 -798 64 757 510 926 -402 -14 -448 311 496 -348 293 -130 437 755 429 152 320 -238 812 -268 -301 147 405 -210 -934 16 -749 421 -474 -945 -378 -87 307 -188 -863 983 95 556 291 -773 162 447 178 -797 -697 830 -435 628 805 479 -644 713 -413 -819 139 -417 -497 901 -166 -40 -905 -621 -603 462 282 -531 -558 355 411 -768 68 -921 -554 858 657 796 -806 -386 -746 458 537 84 -606 590 230 277 -826 -281 129 -732 -503 -368 -444 -294 -300 -975 867 648 -157 -698 -258 -316 -642 585 499 -380 945 408 982 -286 741 -170 748 -796 -27 882 -54 -103 -469 280 -278 -951 -923 -59 -145 -513 -987 30 581 690 -84 160 -358 646 -424 -181 964 939 -236 23 769 800 -124 691 951 194 -952 468 -872 -296 538 -341 -3 560 298 635 470 -862 436 -918 553 -463 723 -933 660 -322 -78 -319 925 562 173 971 611 -113 12 -755 -902 645 -308 -658 -878 -572 874 -861 -461 -971 549 967 -93 299 898 444 -595 916 889 617 -865 387 182 854 -57 -304 -877 333 486 -75 661 608 142 -900 -873 -56 59 634 761 -310 516 -312 -809 340 -535 176 -429 706 419 -224 -813 -793 624 670 243 952 653 336 600 -94 607 314 702 877 -527 -246 687 11 -788 358 442 948 372 -917 -183 520 239 -129 -449 -48 345 853 -479 -650 -579 598 818 151 717 506 543 -483 -706 -757 -309 423 743 821 642 203
[RUN #4 100 1]
865 880 -185 119 -740 397 -531 -850 596 315 636 112 337 741 -120 -727 598 -73 695 938 80 -933 -734 -957 -899 891 764 114 517 903 713 350 -672 -938 -856 -785 -308 673 -653 816 182 799 -377 688 351 -987 -796 -947 -930 -258 855 687 901 -534 333 840 -51 135 136 828 -479 -286 -549 848 839 -989 -811 454 814 -550 996 -425 490 686 -453 206 470 341 353 -970 82 -332 -627 271 -839 612 -315 -956 437 791 -178 -697 49 485 -843 -665 -62 -877 -187 -90
[RUN #5 100 1]
-136 -484 -896 -945 -491 493 952 933 -465 515 713 758 -702 874 755 18 413 230 861 594 -544 -268 559 -803 -571 -264 892 725 -315 575 -178 439 795 -118 -716 -260 -658 361 -455 -601 -90 504 334 -479 -708 860 -517 440 -870 454 70 -693 41 -548 6 -25 329 854 -821 -376 67 -392 -650 -309 65 -921 -413 -393 -210 465 -483 706 570 -196 517 84 -520 -705 99 264 469 -227 665 -902 -798 912 -229 -330 -303 -183 241 301 602 592 160 -91 -219 -619 -590 56
[RUN #6 100 1]
790 799 -94 -642 -574 340 99 414 512 -950 -350 -357 471 -932 -378 -786 223 129 -172 965 -299 -112 -407 588 755 -363 640 198 -405 152 102 -537 -446 460 -334 902 239 579 910 513 -485 168 -396 846 609 -750 -656 610 -715 35 -684 -891 -582 389 -624 -272 158 184 -993 98 -83 -422 -277 281 -963 -645 786 407 -507 574 742 -808 234 376 -17 -851 -87 -945 -682 -818 -391 -329 -664 461 -456 834 -698 -601 946 -636 -655 -100 39 -493 134 778 78 -491 79 691
[RUN #7 500 1]
973 435 -321 -419 825 -140 -427 -619 16 -755 316 -194 611 -228 848 801 370 -526 791 581 -36 32 -35 627 -221 635 250 -977 694 296 178 913 333 456 693 65 -823 -617 -161 -764 -477 -439 540 718 -387 -134 864 -988 -452 -298 829 503 750 199 -120 924 -487 -913 -282 -794 -555 197 -723 -889 -815 -182 -902 -501 -479 -291 11 111 -668 -971 -756 -32 -97 375 844 -920 572 -852 -918 -591 196 -503 15 -322 -418 -48 -867 928 616 244 523 421 -874 130 -269 520 -778 338 -207 229 -343 -703 896 926 254 45 562 815 -483 -65 -215 -331 -777 972 -23 450 707 463 -102 461 -550 -333 -942 286 990 948 481 673 446 74 255 -696 -349 -485 856 -404 -243 268 -159 961 -214 530 -9 619 841 542 985 -953 668 -788 902 890 206 -473 431 -595 -881 876 -914 -351 -256 -976 713 -166 632 744 -743 389 -466 712 545 269 595 863 720 -99 -375 -443 604 392 -808 -738 -6 168 -872 238 845 -449 658 -5 -366 -651 623 -255 191 -29 342 -761 395 -117 -280 748 246 -392 157 -927 -527 -216 768 -758 -237 -407 670 6 -702 -370 -281 -829 270 -118 -241 141 818 -289 -185 726 40 -136 -896 210 865 -152 552 -189 -113 374 -312 218 -326 -496 216 -464 -359 991 714 906 166 -170 -599 -445 932 849 165 -461 -570 358 -897 -880 -596 634 398 -886 745 179 33 -740 496 662 703 830 -793 -662 -704 -497 -616 -875 751 -197 415 -408 403 459 260 710 -732 -845 -956 767 -53 -335 -876 201 574 -564 -629 -1 -907 -751 97 -519 -724 982 -972 650 -258 667 442 -424 34 121 812 639 -569 508 854 -833 -267 506 -82 747 671 -63 -460 477 -103 -30 -946 -453 -279 529 311 -693 689 -486 205 135 -125 -420 -203 261 451 386 688 -309 66 593 169 528 -779 -542 -412 826 -52 -38 231 -423 -895 -816 837 -226 194 -348 432 519 -296 241 -284 -210 -832 -64 641 907 -164 441 -56 42 209 664 994 959 249 464 5 526 -319 -554 877 292 20 408 361 399 -769 -948 -646 177 -892 355 -180 372 -557 -324 580 312 -606 732 -41 94 465 507 -878 -142 -981 480 872 148 813 -706 -997 -111 -330 351 917 585 -257 -935 471 977 831 -883 131 827 -493 -686 -855 425 532 550 208 -455 -323 226 214 -834 -195 -566 -55 895 200 979 -317 -463 793 -33 -712 -262 919 163 314 884 915 257 605 -806 56 352 -568 242 -679 855 -713 -843 -155 -995 962 -76 -10 147 438 19 -521 43 -697 -835 109 879 514 -520 963 -411 -413 -584 381 -86 -530 870
[RUN #8 1 500]
189
463
-851
-793
-266
711
-933
-909
-316
-274
-535
-680
-146
-625
71
-445
522
735
-649
177
-17
-859
-506
-853
874
540
-9
-907
137
805
-551
164
116
489
598
-577
-280
-315
559
-317
297
9
893
183
[RUN #9 2 500]
-485 730
-529 -540
634 514
-456 969
-445 59
-227 -280
930 -65
816 924
366 -598
-686 829
84 251
340 -442
41 -637
-724 641
931 818
551 -596
-130 907
-129 -138
-567 319
423 795
132 903
848 609
932 645
507 -448
-359 937
-448 -127
78 477
-217 553
202 330
839 316
-749 -937
904 776
659 -750
245 -837
-195 854
785 818
122 68
-188 785
448 116
-536 720
100 -148
-260 -210
-773 -194
-414 915
-385 468
-797 -835
251 827
-887 432
-45 136
135 698
420 744
-672 -242
-493 671
832 -555
992 969
-66 -340
659 -126
507 -192
-15 808
-646 533
-823 671
-78 -657
-845 789
-713 -368
-988 -19
-623 99
432 606
443 -437
-852 352
-121 670
-365 266
359 -917
-957 -434
-815 857
-377 -770
166 -961
585 183
-750 16
603 637
886 -925
-241 452
747 -956
-241 480
818 525
-572 833
-462 -395
54 358
632 -214
-385 52
-787 -10
-158 -632
-435 -64
213 182
858 684
334 162
515 -296
593 -802
753 477
158 -690
-473 -753
-394 963
-16 970
-64 486
-223 654
-827 -662
45 -753
-402 -429
643 757
-471 491
-515 -583
215 -155
859 264
-264 -608
-233 -170
324 -883
807 -250
481 826
252 -907
603 858
-362 -343
-416 -926
86 24
507 468
816 794
[RUN #10 3 500]
492 43 -93
-472 142 953
-930 -813 648
552 118 741
153 730 735
-116 -926 603
962 451 -887
2 903 171
-209 339 32
-154 521 -941
-429 50 325
-475 827 879
830 -906 -799
-959 -552 386
-152 533 589
-63 221 875
454 -632 -259
406 337 -681
-534 75 -818
-125 -880 927
975 913 -317
533 452 55
374 -322 -311
177 868 -592
729 -186 569
477 289 137
72 -514 -957
292 541 -166
611 692 -704
278 -309 417
-999 -230 -654
761 -521 323
-770 -853 123
-479 -66 -818
628 -94 70
-997 -141 -817
-404 100 504
-884 1 -472
-869 -647 -337
782 -347 -17
-909 806 941
-867 -733 -247
-540 -548 -578
-339 557 -727
554 -993 -777
670 -826 362
949 379 -33
-438 -916 -681
-611 16 429
-875 -793 613
524 -486 -648
-266 782 -200
304 250 129
-933 -630 -525
890 748 -272
722 -724 987
132 -482 88
258 819 -371
-951 -267 -727
305 105 32
-204 -732 7
-191 278 991
-100 131 143
-752 445 -86
132 -393 -588
812 970 -363
-717 617 -539
229 735 -866
820 818 -267
374 690 302
-683 113 -153
505 728 279
-504 218 17
-302 652 -634
287 -674 126
-355 -743 -530
-679 -203 660
-945 421 926
90 745 430
-946 638 429
842 346 -290
246 28 755
763 167 -240
732 -950 -55
26 -493 820
-260 654 -428
718 -941 -713
45 440 -798
282 843 305
-413 134 377
262 844 -886
505 -334 -319
390 399 853
245 112 -797
784 -419 84
-532 -580 -353
-393 -665 -725
807 -574 650
-952 -396 -189
-537 -853 -769
-268 560 241
-489 492 -436
892 -933 -415
482 941 124
102 123 86
-832 445 -380
306 252 -260
465 365 -16
-311 765 61
[RUN #11 4 500]
280 -796 -464 -357
-710 -520 -32 654
-208 382 -659 -850
-229 -346 -50 -705
325 900 -700 -9
-858 953 -507 770
-830 243 -69 914
318 -770 -491 -499
-221 510 -962 -133
952 863 -405 682
-206 745 164 -307
-768 801 827 -932
45 -67 -701 397
212 117 478 474
887 535 -549 434
-430 -323 535 791
390 -442 333 -291
160 646 -962 310
-909 -583 -993 680
731 -714 223 622
250 -745 27 -310
-138 798 -687 459
989 -459 364 276
779 -52 -178 235
-789 771 332 -7
396 -893 999 -409
11 454 -73 -254
-353 112 -553 936
-206 498 -747 -802
650 -201 -422 -561
-42 628 360 -827
490 -444 -979 38
-315 -630 451 -389
-6 -847 -994 -605
-717 -961 -736 736
697 -17 103 965
-768 190 -673 11
-933 -624 420 63
955 631 410 -910
757 963 882 71
-377 -958 -88 -477
115 334 -209 520
488 192 -532 -823
937 -4 -450 597
-558 -277 460 194
124 -422 75 -457
815 -998 756 -670
-631 -595 -197 -798
-149 954 -161 908
-700 469 -400 -47
-581 -395 -527 674
671 252 486 -534
915 -793 -877 -563
817 -58 -821 -815
652 -846 -380 696
261 -1 -84 -475
-203 803 -688 881
264 568 -562 743
899 467 927 -577
448 442 -326 -724
-721 24 -792 294
-214 -250 -914 820
-527 339 666 -634
18 729 -703 -169
261 -136 -190 838
-221 -339 -725 211
204 896 -219 -520
-39 -285 -598 283
-893 385 392 -746
616 384 484 23
-945 97 436 924
610 -890 -199 -999
-746 357 -48 -828
831 -680 744 -112
-464 -158 612 354
-68 785 390 771
168 817 -637 801
-612 727 -378 -400
-27 -132 14 -872
-459 156 -358 -997
-271 876 -48 -185
792 125 599 12
-984 559 792 896
-759 293 200 -513
-247 -932 -968 197
-118 -93 -316 -88
-736 -756 975 917
99 861 342 846
354 -877 -208 288
-808 563 901 -795
-718 607 -67 -413
704 -364 107 182
728 -244 -481 627
-415 757 608 -258
-204 -965 -798 742
874 -954 176 872
-473 -433 -286 -188
-627 348 788 9
211 -781 136 661
-29 982 716 938
-373 422 -715 -951
-738 -24 -106 225
673 218 -148 636
-989 -660 670 -216
-875 -268 311 -458
346 -132 -608 762
524 -797 156 -439
-538 101 273 605
939 -534 177 485
-961 735 -309 -67
720 -677 -51 -977
-976 472 40 958
[RUN #12 5 500]
-425 -38 -360 696 -147
-771 -64 168 -476 -405
684 435 -252 -249 -872
749 -699 -169 -681 939
18 -760 -786 -143 788
660 629 706 574 617
-308 94 594 -552 -510
-515 -144 409 -652 -83
929 725 733 584 -216
-435 -78 -139 76 538
-853 266 16 -877 -255
-606 -487 105 -817 792
310 530 761 604 -517
9 -271 -144 -853 336
744 -298 -644 -82 862
267 420 21 324 568
822 474 -255 747 -36
629 -949 56 -11 454
367 -245 -176 517 -425
751 -839 -73 27 -435
205 -908 -189 296 -890
127 -961 -600 7 -734
113 -904 338 280 -721
-614 155 -693 -661 -527
-506 989 -613 689 610
644 377 16 -854 97
-809 81 715 915 411
233 160 -502 933 -647
710 579 414 183 -480
840 -660 -820 157 -583
-340 -478 -821 -404 -297
795 -312 968 -730 250
-823 -894 510 -217 -191
172 -378 107 314 859
-93 25 422 -55 -257
-699 -305 -110 51 603
309 196 449 719 304
468 -840 121 364 -149
469 -533 694 271 -717
-803 549 -913 -67 57
-12 436 522 718 45
333 365 662 698 -405
553 -955 -800 390 26
-707 -5 560 -214 821
654 -945 225 -651 246
-493 -229 -122 -645 -800
-893 -337 -586 -136 766
-201 -757 -795 -663 895
-736 -125 43 -480 811
-97 836 -204 295 696
897 -447 -342 838 391
476 -645 -914 908 35
-456 -417 965 -861 194
-647 142 -321 -584 915
534 -288 -908 -624 -656
-236 -27 -173 553 -96
127 -377 120 -598 -320
85 -445 -81 225 656
52 -682 235 548 -434
809 -534 -265 872 344
445 202 323 -943 -979
-293 -703 -889 -570 -730
361 -956 27 -304 759
-660 -673 -889 -599 -406
604 603 368 887 360
257 -965 661 966 -345
284 -547 713 -913 -777
-842 -731 924 674 -672
136 -678 -566 344 645
668 -270 968 -789 -587
-239 -347 -786 -414 715
-275 -15 -346 -254 944
-487 -562 -269 -674 355
-6 -797 -762 954 -136
101 446 967 -890 72
-404 228 -335 539 -614
271 -417 32 261 263
540 880 815 -299 -739
78 -846 492 229 209
-113 845 970 -885 686
-867 -131 643 -595 -41
435 -15 548 -319 -420
404 -405 289 -45 -104
-25 221 935 173 496
[RUN #13 4 500]
-71 -420 99 -748
-800 836 10 586
206 754 876 -393
-308 965 -920 -347
-276 -385 478 -349
100 289 779 107
-450 -68 890 449
502 -727 -71 649
471 -752 -721 -73
-650 608 -599 279
152 -707 166 -442
273 -490 940 118
-460 686 -959 521
872 91 759 826
294 464 135 997
[RUN #14 5 500]
615 395 -660 -18 978
740 354 448 726 -978
51 -136 685 454 -629
469 779 791 393 -895
-336 -438 -484 79 283
-552 986 155 588 -792
119 -882 -350 346 610
656 -119 -863 758 339
-585 -714 324 180 229
-342 859 447 -986 17
-600 333 -691 138 -682
875 605 707 -364 -795
810 -314 -383 -254 342
-347 -476 -484 -466 -448
-423 829 168 -469 110
245 48 577 -873 777
605 -487 -138 -657 630
464 -115 -50 -140 682
-460 486 801 318 664
785 305 984 -185 307
928 -63 -270 -765 549
-479 -28 -106 302 336
-466 -828 692 534 653
75 -876 -793 756 249
-831 -504 -398 123 573
442 -682 652 316 144
762 -781 117 328 -250
748 -118 527 -431 221
-550 471 229 345 333
-428 -978 79 -340 -356
134 632 240 -184 883
-787 88 -516 700 495
-592 359 -846 -379 92
-674 236 879 481 -12
-696 968 -912 -406 -69
-855 -698 928 923 -482
-508 482 348 -109 169
-80 300 856 600 97
-850 -710 701 216 -508
-253 675 519 -587 1
-707 255 619 137 -139
817 440 299 520 -389
-229 -328 -66 -83 -215
284 -123 -51 931 -44
-681 290 793 -684 641
-235 348 -774 -101 -168
33 738 -584 259 88
369 618 -196 594 124
-869 796 862 302 -567
276 -108 -347 -735 -434
542 -768 -763 -236 -111
156 111 46 -439 -260
-376 904 901 -819 658
882 -784 -87 684 -686
-988 496 -915 -379 -382
-630 -382 -207 359 -273
-774 341 -500 84 646
-44 476 672 -481 -691
981 -634 589 302 975
976 -905 -35 462 51
281 -358 -464 -678 -232
-365 790 876 -754 -603
178 653 -40 961 276
953 527 -534 -19 438
404 157 -163 -183 788
615 470 41 -795 554
188 917 538 627 218
365 937 -966 192 -825
-21 -499 505 178 -398
-974 666 539 29 217
867 -452 -937 -622 691
-458 -641 -721 399 510
412 378 978 -953 661
912 -240 65 943 763
704 -558 521 -145 -594
-296 46 215 -428 315
-596 -592 528 662 824
648 564 -18 -997 329
-6 -910 -595 209 -584
-71 -507 -973 -774 147
592 242 546 -134 -684
903 354 -263 286 -56
-763 346 927 746 533
-541 -884 -355 -192 44
-1 647 905 274 396
886 69 -467 -661 408
799 -988 -387 522 -82
-50 74 -49 -462 66
243 116 -528 -250 -747
-435 314 203 262 -97
498 40 -744 -205 -753
-801 -894 -578 -6 751
-602 201 85 121 630
645 98 18 320 605
891 111 -573 -879 -826
417 272 -475 128 -368
901 -435 147 -248 -489
-747 -53 -211 -534 87
-467 -585 -292 -600 71
231 -800 -446 225 476
61 797 -460 303 -371
-343 63 -73 958 868
-605 779 -778 242 -657
-205 746 468 997 897
616 943 948 -832 -713
928 254 865 -472 96
320 -892 309 -922 158
-767 -391 353 757 -627
116 247 39 -936 -920
389 -658 551 -343 -895
353 628 -633 114 440
-443 918 786 910 -600
719 738 -208 628 63
-47 635 -754 -171 -234
478 -931 558 -367 702
660 869 32 -527 -117
660 539 608 581 -99
769 418 621 682 -608
773 595 -125 582 -806
-991 -237 -306 -666 516
-49 438 -732 518 687
76 774 910 -932 -113
281 -497 -844 26 -673
264 -234 445 -867 -156
889 730 757 424 -607
252 -540 378 -470 353
-810 -279 -465 569 165
627 62 656 -942 -186
-269 626 924 -784 170
318 -64 -911 -646 14
230 -727 -869 690 222
-637 -796 -119 441 -83
452 -66 774 -862 218
634 -25 878 303 -882
-42 422 -853 -574 826
-935 -256 351 962 -36
702 -659 345 -912 887
-704 -949 -77 -332 373
-889 -269 -181 593 -614
-831 -781 -832 724 830
-422 -568 -77 334 -236
334 122 652 64 814
889 918 143 -960 -443
-559 113 754 812 -229
-504 -727 -430 568 413
-818 -905 111 -80 -264
-384 679 480 358 986
18 75 -289 -64 912
-977 -102 -717 -349 -359
-20 -899 379 -312 -79
428 127 -140 -30 805
-624 -183 524 -676 -492
-80 925 584 -510 -147
-623 64 959 -491 498
626 122 -468 -450 -526
173 738 -106 579 -721
287 854 -740 -298 49
717 -517 -633 16 -311
-200 -163 711 531 884
504 195 576 -552 659
533 859 -783 -676 -320
356 -557 231 -637 -346
-127 -376 -751 -564 638
637 -101 -520 965 170
-198 490 623 785 833
-394 388 700 -492 766
-84 -416 802 112 -373
-166 -208 255 -411 974
-427 -265 -26 703 -12
-601 -311 -156 544 575
-858 255 129 -881 290
15 758 508 698 -969
-737 622 -499 -611 161
237 852 -337 -687 -603
415 -98 83 700 -966
267 -736 104 873 -986
565 -381 -4 -472 504
925 -213 -163 -597 -868
-564 -376 567 -886 -833
610 -719 103 780 801
-55 774 697 605 -220
63 463 -845 604 -197
301 650 -865 -721 -787
-557 866 1 -932 261
24 537 -78 -534 -271
-205 812 -628 -708 703
-110 -442 -581 -226 -281
669 -743 -296 880 -619
-772 -302 647 188 -759
859 968 -282 -639 535
-643 587 270 -11 -551
20 484 224 -412 -158
-327 -155 -403 875 103
363 64 -228 -407 -897
-169 524 -309 100 999
677 300 -364 775 246
-706 -828 -331 282 787
871 -448 -52 -890 779
-861 -399 -261 346 -716
152 -229 -686 770 299
-98 190 892 -806 656
-936 -838 940 698 -844
37 191 443 -313 933
-680 190 -501 484 349
403 627 -896 -515 -733
350 926 865 -942 -775
-833 -742 849 -305 121
-270 -233 -132 -243 -84
-84 -843 -247 -138 -344
-138 898 434 98 557
-450 -18 455 601 945
148 -805 -566 -957 138
818 -541 -797 294 -102
-560 -76 -446 -548 -832
99 953 353 -244 740
-78 49 453 789 717
351 -473 -433 -89 819
-128 -586 244 -245 990
374 -351 771 524 -290
259 801 502 423 -50
479 905 -868 861 -204
-87 320 -640 139 -135
-298 -968 -682 623 490
810 -503 -496 532 -418
904 579 -864 -529 -91
-466 609 -812 -698 -515
-22 -649 -504 -938 939
-213 -401 582 -807 49
-669 -114 -881 -7 612
-408 -612 -368 512 -924
824 162 -743 837 344
-429 -64 140 525 -669
-65 -764 -937 -997 313
881 -157 -256 33 -265
-997 760 -999 116 549
-927 -619 632 -632 -208
-791 -899 -614 0 -457
-917 -282 727 729 742
-262 -683 -689 -309 -796
-659 -473 -948 -117 -242
245 367 944 -514 205
527 824 -140 -728 837
-824 154 -700 628 982
-471 570 539 -422 -739
-568 129 716 487 499
-96 35 666 409 259
290 43 -828 -701 383
831 370 -382 989 -998
298 -391 -747 -545 -54
692 -882 -873 116 457
-792 -596 176 -344 784
-154 547 394 -238 447
397 -762 -550 -876 92
558 735 -498 -533 -525
373 -130 -977 430 57
-430 -283 30 718 959
-230 533 960 151 -758
811 -952 -388 -401 719
-52 -243 733 956 -626
842 237 -112 385 458
-313 -353 -58 810 -958
-412 435 954 -800 401
-182 752 963 753 961
961 450 -678 -950 -829
-456 607 -132 981 718
-455 -547 928 -552 763
760 -734 -589 -554 641
-723 -924 333 -495 -632
-500 -344 -426 -17 633
-315 -884 383 -23 -800
884 424 -47 -617 -931
795 209 -573 999 907
-564 -276 186 793 955
154 103 -732 630 730
689 488 -273 320 -165
-590 -133 678 662 651
358 659 -259 -338 -779
305 -842 293 832 831
145 760 -581 48 288
-633 783 625 806 -605
-965 154 -527 -909 208
-961 44 848 658 -16
921 986 -758 448 42
673 -169 -938 -202 -351
178 -398 124 258 761
300 -252 -109 -862 -27
-687 658 -963 354 788
-43 856 -872 -377 -826
-948 -211 256 -970 66
-644 877 330 -672 -392
-923 611 773 871 -308
210 755 -699 -381 -490
502 -182 -997 -951 -35
-259 -982 647 601 926
-4 528 611 439 -74
373 -286 -117 -882 -781
372 674 -304 -816 -107
501 953 -960 152 -952
-714 441 -540 -45 165
-415 683 290 203 847
-233 -594 874 -860 -729
-528 142 -410 -956 339
553 636 80 89 426
-682 32 -657 -532 -676
26 -910 452 -479 -627
590 928 -750 394 -612
-724 725 910 -701 -64
970 -824 757 -639 547
-482 -469 443 -216 -146
-197 493 -27 -358 648
246 -248 -394 966 383
534 878 299 -383 -406
657 598 -567 975 -522
322 435 912 -384 -230
-845 -981 413 -126 -612
395 148 997 53 664
-450 668 355 715 -887
-167 216 379 538 319
583 -456 953 660 -285
179 506 965 10 104
-708 -851 163 282 -466
-739 903 -194 -249 180
21 393 553 328 407
-115 -432 -221 -436 873
640 687 -893 62 194
-437 -174 479 -190 -824
-58 -461 -404 660 360
585 -627 481 -619 -499
186 -359 416 233 499
-292 -114 898 31 -825
-612 875 138 754 40
377 -346 894 -469 956
741 -843 674 -603 -346
-721 137 -257 339 732
769 -307 794 -817 -620
92 -349 901 -743 -885
-656 493 71 -518 35
230 349 585 -175 415
-882 -349 -200 829 -704
848 -66 -553 -292 -537
-171 -474 983 516 457
889 927 -426 -378 -406
660 320 -230 -456 97
806 -379 718 -723 476
-63 -485 -602 -276 471
371 80 238 38 329
477 963 201 137 -110
946 900 -374 -630 -731
997 -987 805 -239 -488
-447 722 -294 -384 5
307 -598 -723 468 215
-662 -1 -808 524 -594
-128 -673 424 -941 -232
-119 698 499 643 404
596 435 -382 -680 -951
229 -611 -589 -141 -16
265 458 518 517 -290
-868 -664 315 22 -749
-642 280 169 839 752
-87 -500 -241 -829 694
443 441 556 -41 283
437 -694 -803 -491 448
422 43 -886 708 732
-180 -204 634 -642 983
597 314 795 -624 831
-724 241 -628 521 -850
441 -719 189 737 659
866 988 -868 551 -217
-656 -138 294 -319 -906
327 -289 402 -320 -9
519 816 987 -76 -533
399 508 -452 351 669
-657 872 972 -852 -564
779 -354 -906 -635 629
-695 -175 588 -126 400
371 122 -30 -520 834
-483 -129 960 707 600
933 762 -407 -913 882
670 342 -692 -886 -834
545 929 552 815 -177
397 991 -14 -763 798
-689 885 914 -19 664
-945 230 566 -242 -253
-132 -158 -150 -649 630
183 -676 386 -684 104
-637 460 68 -408 -77
-111 455 -847 -368 -477
-344 683 -595 760 -27
550 737 189 685 759
373 418 -973 40 264
-907 -297 896 -547 -161
-27 789 795 520 302
-14 -893 -204 710 479
687 -338 136 -936 547
-101 -731 836 -553 502
-96 -315 -609 -328 -462
801 -927 -923 485 -20
-323 768 -447 -197 72
42 -363 47 -780 487
701 -868 -323 824 -658
-629 92 946 247 209
942 -401 676 -992 -348
404 671 372 31 -38
809 -400 362 610 -60
-284 -490 343 -133 676
425 -946 -764 -466 785
-842 -416 129 -854 -329
-821 -580 588 194 -627
-977 -928 166 -665 969
245 -578 -830 -271 -197
524 213 -817 88 573
-710 -4 216 -412 -152
303 333 -641 -963 159
952 -793 578 -277 -462
-824 106 5 289 -78
-629 -91 -904 360 -669
-536 279 498 -955 206
-606 833 31 155 496
871 693 -171 552 658
-184 508 542 46 -106
-19 155 -86 -400 -328
678 223 43 -241 -604
493 -524 -284 102 -490
302 -944 -651 812 -637
88 752 51 369 -186
-770 320 114 363 846
939 -988 -264 -637 209
-572 448 832 557 858
-569 -488 415 -294 622
647 180 -971 866 -187
-764 853 30 -781 481
855 -353 -596 -450 -420
788 229 445 -768 820
291 64 -763 -521 530
-838 -378 713 -392 -975
-768 -490 -595 331 973
-495 -272 98 -976 -791
71 -747 -33 89 847
-500 -986 274 405 339
273 526 62 -69 220
824 -442 204 -632 -562
-909 777 -877 -256 378
-543 -74 -138 -105 120
-827 984 158 563 216
738 -553 282 -65 988
468 716 595 516 -31
-18 443 516 609 -832
-439 269 -720 -628 696
-671 -332 764 83 -595
-765 -651 -125 -688 -372
928 -562 783 -819 -529
298 794 -936 -783 401
-955 249 -726 -318 -410
379 -489 -497 -233 531
-77 396 -546 397 -459
302 -225 -373 -460 -921
-81 2 117 -979 -512
-952 -184 -305 931 -185
-326 115 79 -962 -782
-818 -665 -782 -492 906
111 829 226 415 -185
480 -873 677 -335 757
-989 -192 -729 102 -200
-802 794 207 -446 -315
-234 170 -531 331 -491
100 -659 -599 -39 -486
-132 -6 782 -682 40
49 -948 836 -94 931
926 -465 -703 -472 698
775 157 723 -255 22
-126 25 -327 885 -967
-362 335 394 622 -101
-31 -547 -314 595 534
781 -867 185 281 -322
-211 -414 839 -617 627
-747 883 -840 -772 91
630 185 659 -432 922
255 444 -800 -148 785
-854 -715 -492 -271 872
385 -849 -862 36 955
-902 -437 706 -145 690
-225 -946 -304 -292 -503
-71 341 -140 240 463
-654 -913 523 350 -299
-886 548 281 481 395
-150 -233 -633 -590 598
337 -578 -476 619 -460
-804 553 -927 -106 796
-195 471 -305 80 -742
637 79 -797 -340 777
-640 -340 -358 678 800
-635 596 704 933 955
-980 -76 772 -852 -665
-409 -743 -908 82 704
887 847 224 -105 -813
254 548 455 -95 -744
316 214 -435 -904 832
-665 606 166 -451 282
-189 347 626 86 -876
479 722 504 -8 -588
[RUN #15 3 200]
-943 -989 181
-699 741 -81
789 -119 -915
-389 477 692
199 106 275
131 -456 -453
144 883 -926
903 -419 -160
-871 -278 -845
442 -162 398
-393 -508 -700
960 -478 -636
-400 -497 -943
791 63 578
-846 -778 -461
257 908 531
-207 -330 -853
-987 -591 -380
-311 -654 -531
530 997 -218
-25 750 -279
-26 670 376
548 -31 -11
-218 -994 193
-132 -27 437
87 808 586
703 -618 54
-807 363 -626
-693 418 -830
535 378 -698
549 143 -631
-819 848 -451
639 299 -62
-57 -962 32
722 880 -172
-751 -908 615
460 425 -278
-259 122 108
-130 -197 -576
224 -598 448
-857 919 111
-405 559 710
268 90 690
65 -849 -102
[RUN #16 4 200]
-771 107 687 93
545 897 48 770
-842 -761 -490 335
126 264 -706 653
164 383 -507 863
352 878 564 256
-376 32 -857 -504
-667 -703 -652 687
-23 808 -621 -349
436 175 -638 -723
693 112 -781 -536
-858 131 -663 673
32 971 -513 -387
-420 -124 607 172
-973 500 -308 -471
-757 -451 -581 -749
-492 972 362 -940
715 260 -837 -83
-387 -723 -154 -194
-981 848 -853 906
428 314 781 337
750 971 -36 -102
677 -817 424 609
-716 887 237 -127
998 675 857 215
879 393 -546 -843
-822 999 -354 153
159 -834 177 -184
-210 659 -214 -465
318 471 -433 584
3 -336 538 -918
120 -677 472 -187
-849 -703 713 69
-422 922 668 -190
978 422 243 -199
-422 -65 -54 909
-895 863 888 -803
236 -122 -709 -439
-494 -904 700 -306
803 -244 -91 -57
-789 -601 -974 -588
680 -160 646 280
838 -922 135 -965
505 -185 141 310
886 -269 -720 698
29 509 166 -254
-842 -947 -297 802
566 -413 -245 -535
-738 -270 804 834
-953 937 557 -260
489 -13 525 580
[RUN #17 5 200]
259 -573 57 -18 23
-554 963 -723 -570 -942
779 -480 580 246 -454
-696 -112 707 584 -419
666 316 2 793 27
-768 516 -591 -295 -126
-5 -71 142 -607 109
-715 992 352 248 -868
290 -29 38 0 -699
967 -567 -493 243 935
-10 543 -279 -798 264
788 -67 -728 -111 -808
726 178 -300 -323 -823
501 -891 -29 702 363
423 -564 379 355 -107
13 981 -976 -169 39
144 407 912 642 -533
-956 435 -737 -784 430
649 734 -923 -489 76
-215 -856 -127 41 -279
310 348 748 -714 -518
734 517 352 90 -872
-219 -359 -896 863 -971
-113 814 -500 462 815
-934 499 281 -288 684
-522 789 13 898 -856
413 762 200 -672 -833
-317 -91 73 56 42
-595 920 83 -403 -415
-131 26 441 88 214
-544 219 790 -393 -624
-208 -554 -312 -251 -578
426 809 -869 -827 -96
-498 390 470 438 -481
26 756 -333 109 -503
-965 950 -178 -644 -680
-598 -664 367 993 -485
-23 712 -371 31 -592
229 519 -498 458 142
250 -10 565 -609 -841
-767 980 -784 -79 410
-207 -685 986 -24 125
531 -434 255 656 -828
60 -243 -539 -536 -46
671 -522 927 -783 615
-452 609 -139 252 945
-79 -778 -499 128 -707
-149 -364 882 98 782
736 -607 -836 651 649
767 731 -841 -43 567
-924 -208 609 961 484
111 -461 -342 860 -794
-311 292 393 -889 -835
[RUN #18 100 2]
-480 -185 -984 613 733 -470 -589 -496 407 -190 -821 -252 996 336 -615 -340 -433 998 -950 -598 -816 -389 -247 789 -979 27 -258 -801 516 198 461 317 861 -519 -870 647 341 417 845 959 312 510 -765 -767 505 296 -690 -73 -743 -79 -67 482 947 -973 -223 -901 842 957 -657 28 724 884 368 -760 -945 -352 -595 922 330 -379 -693 -409 -459 122 -52 791 -885 606 315 -703 -246 -89 163 -284 -999 -677 -860 -887 -669 -418 -277 79 -493 -36 -879 927 496 126 -390 -275
[RUN #19 500 2]
331 980 -717 418 17 95 -190 -640 -786 168 257 -125 -32 594 172 -869 -215 -186 434 519 916 568 555 249 99 380 328 640 874 -753 -357 -121 -299 436 730 314 322 -999 -21 432 -499 -878 -308 926 -28 345 -954 313 728 358 749 -612 -114 401 204 -436 352 -166 209 -241 -478 261 -884 -13 502 618 -370 -480 -763 144 -631 157 -600 -161 42 934 -361 237 797 -145 122 -511 -236 985 -596 272 -211 98 692 179 -342 -430 910 617 -610 704 -846 570 -66 -269 995 -134 931 426 723 -435 -419 941 -199 -970 761 226 677 -916 999 -98 768 -797 695 -375 134 984 602 279 -746 810 -686 -985 614 752 621 -965 -897 267 291 253 -493 991 -692 608 116 -187 -180 -880 231 296 887 -552 -812 -502 -544 391 247 483 -232 -220 920 -131 -575 428 -691 994 -558 805 -368 936 143 -367 -285 -632 -229 750 -115 46 530 349 109 -362 -163 -310 -849 -457 821 807 963 818 791 -864 360 364 -896 -327 -447 809 -120 762 644 -336 -816 136 796 898 192 83 327 -856 389 470 -143 543 -906 260 733 167 -676 -853 -469 -365 -274 -142 -55 -876 573 930 619 -106 -105 222 -498 717 593 -675 -842 971 592 765 973 903 663 -87 -679 -890 -198 487 914 756 -517 952 -934 -86 -150 -670 -726 -859 -221 -489 273 513 -63 -30 585 72 269 119 404 -972 351 -246 -193 650 -580 -716 770 686 118 -577 648 302 -329 -382 890 823 -123 -376 -576 -526 -564 309 -639 -597 804 -635 -373 601 -104 -513 959 203 -431 664 64 268 496 897 127 493 -844 91 75 506 732 780 -945 629 256 76 -673 786 949 -602 187 742 -770 56 951 531 -811 -982 212 -851 -305 729 -628 794 -579 -488 -546 909 -349 -688 894 53 -140 414 369 -428 -608 968 993 490 908 -152 73 -707 697 -781 -709 -468 -456 841 397 47 -200 -672 948 -417 -340 678 366 -333 -949 731 -242 706 -378 -487 556 701 509 996 -175 -507 872 641 -952 107 6 -279 -718 264 583 -76 304 -838 -15 642 431 -43 305 -154 -237 715 781 -534 800 377 771 637 442 -509 -931 878 911 635 -52 -343 452 -291 -411 864 -450 -815 668 870 -986 -561 -773 415 -778 408 -908 -545 420 321 550 -292 -252 630 422 610 -149 182 -295 -446 656 -824 -565 -35 -910 698 -794 -360 -975 -616 33 -497 23 -757 399 -861 -381 838 367 -454 938 -344 -420 -785 -479 280 -62 852 -399 -882 891 -793 200 307 -590 831 538 855 -444 -250 562 492 201 181 488 -307 394 -959 303 886 161 557 566 -155 604 -921
